This is pdfTeX, Version 3.141592653-2.6-1.40.25 (TeX Live 2023) (preloaded format=pdflatex 2023.8.18)  25 AUG 2024 15:49
entering extended mode
 restricted \write18 enabled.
 file:line:error style messages enabled.
 %&-line parsing enabled.
**Feb24_noMWC.tex
(./Feb24_noMWC.tex
LaTeX2e <2023-06-01> patch level 1
L3 programming layer <2023-08-11>
(../Header.tex (/usr/local/texlive/2023/texmf-dist/tex/latex/base/article.cls
Document Class: article 2023/05/17 v1.4n Standard LaTeX document class
(/usr/local/texlive/2023/texmf-dist/tex/latex/base/size12.clo
File: size12.clo 2023/05/17 v1.4n Standard LaTeX file (size option)
)
\c@part=\count185
\c@section=\count186
\c@subsection=\count187
\c@subsubsection=\count188
\c@paragraph=\count189
\c@subparagraph=\count190
\c@figure=\count191
\c@table=\count192
\abovecaptionskip=\skip48
\belowcaptionskip=\skip49
\bibindent=\dimen140
)
(/usr/local/texlive/2023/texmf-dist/tex/latex/csvsimple/csvsimple.sty
(/usr/local/texlive/2023/texmf-dist/tex/latex/l3packages/l3keys2e/l3keys2e.sty
(/usr/local/texlive/2023/texmf-dist/tex/latex/l3kernel/expl3.sty
Package: expl3 2023-08-11 L3 programming layer (loader) 

(/usr/local/texlive/2023/texmf-dist/tex/latex/l3backend/l3backend-pdftex.def
File: l3backend-pdftex.def 2023-04-19 L3 backend support: PDF output (pdfTeX)
\l__color_backend_stack_int=\count193
\l__pdf_internal_box=\box51
))
Package: l3keys2e 2023-02-02 LaTeX2e option processing using LaTeX3 keys
)
Package: csvsimple 2023/05/09 v2.4.0 LaTeX CSV file processing
) (/usr/local/texlive/2023/texmf-dist/tex/latex/csvsimple/csvsimple-legacy.sty
Package: csvsimple-legacy 2023/05/09 version 2.4.0 LaTeX2e CSV file processing

(/usr/local/texlive/2023/texmf-dist/tex/latex/pgf/utilities/pgfrcs.sty
(/usr/local/texlive/2023/texmf-dist/tex/generic/pgf/utilities/pgfutil-common.te
x
\pgfutil@everybye=\toks17
\pgfutil@tempdima=\dimen141
\pgfutil@tempdimb=\dimen142
)
(/usr/local/texlive/2023/texmf-dist/tex/generic/pgf/utilities/pgfutil-latex.def
\pgfutil@abb=\box52
) (/usr/local/texlive/2023/texmf-dist/tex/generic/pgf/utilities/pgfrcs.code.tex
(/usr/local/texlive/2023/texmf-dist/tex/generic/pgf/pgf.revision.tex)
Package: pgfrcs 2023-01-15 v3.1.10 (3.1.10)
))
(/usr/local/texlive/2023/texmf-dist/tex/latex/pgf/utilities/pgfkeys.sty
(/usr/local/texlive/2023/texmf-dist/tex/generic/pgf/utilities/pgfkeys.code.tex
\pgfkeys@pathtoks=\toks18
\pgfkeys@temptoks=\toks19

(/usr/local/texlive/2023/texmf-dist/tex/generic/pgf/utilities/pgfkeyslibraryfil
tered.code.tex
\pgfkeys@tmptoks=\toks20
))) (/usr/local/texlive/2023/texmf-dist/tex/latex/base/ifthen.sty
Package: ifthen 2022/04/13 v1.1d Standard LaTeX ifthen package (DPC)
) (/usr/local/texlive/2023/texmf-dist/tex/latex/etoolbox/etoolbox.sty
Package: etoolbox 2020/10/05 v2.5k e-TeX tools for LaTeX (JAW)
\etb@tempcnta=\count194
)
(/usr/local/texlive/2023/texmf-dist/tex/latex/tools/shellesc.sty
Package: shellesc 2023/04/15 v1.0d unified shell escape interface for LaTeX
Package shellesc Info: Restricted shell escape enabled on input line 77.
)
\csv@file=\read2
\c@csvinputline=\count195
\c@csvrow=\count196
\c@csvcol=\count197
\csv@out=\write3
)
(/usr/local/texlive/2023/texmf-dist/tex/latex/graphics/graphicx.sty
Package: graphicx 2021/09/16 v1.2d Enhanced LaTeX Graphics (DPC,SPQR)

(/usr/local/texlive/2023/texmf-dist/tex/latex/graphics/keyval.sty
Package: keyval 2022/05/29 v1.15 key=value parser (DPC)
\KV@toks@=\toks21
)
(/usr/local/texlive/2023/texmf-dist/tex/latex/graphics/graphics.sty
Package: graphics 2022/03/10 v1.4e Standard LaTeX Graphics (DPC,SPQR)

(/usr/local/texlive/2023/texmf-dist/tex/latex/graphics/trig.sty
Package: trig 2021/08/11 v1.11 sin cos tan (DPC)
)
(/usr/local/texlive/2023/texmf-dist/tex/latex/graphics-cfg/graphics.cfg
File: graphics.cfg 2016/06/04 v1.11 sample graphics configuration
)
Package graphics Info: Driver file: pdftex.def on input line 107.

(/usr/local/texlive/2023/texmf-dist/tex/latex/graphics-def/pdftex.def
File: pdftex.def 2022/09/22 v1.2b Graphics/color driver for pdftex
))
\Gin@req@height=\dimen143
\Gin@req@width=\dimen144
)
(/usr/local/texlive/2023/texmf-dist/tex/latex/hyperref/hyperref.sty
Package: hyperref 2023-07-08 v7.01b Hypertext links for LaTeX

(/usr/local/texlive/2023/texmf-dist/tex/generic/ltxcmds/ltxcmds.sty
Package: ltxcmds 2020-05-10 v1.25 LaTeX kernel commands for general use (HO)
)
(/usr/local/texlive/2023/texmf-dist/tex/generic/iftex/iftex.sty
Package: iftex 2022/02/03 v1.0f TeX engine tests
)
(/usr/local/texlive/2023/texmf-dist/tex/generic/pdftexcmds/pdftexcmds.sty
Package: pdftexcmds 2020-06-27 v0.33 Utility functions of pdfTeX for LuaTeX (HO
)

(/usr/local/texlive/2023/texmf-dist/tex/generic/infwarerr/infwarerr.sty
Package: infwarerr 2019/12/03 v1.5 Providing info/warning/error messages (HO)
)
Package pdftexcmds Info: \pdf@primitive is available.
Package pdftexcmds Info: \pdf@ifprimitive is available.
Package pdftexcmds Info: \pdfdraftmode found.
)
(/usr/local/texlive/2023/texmf-dist/tex/latex/kvsetkeys/kvsetkeys.sty
Package: kvsetkeys 2022-10-05 v1.19 Key value parser (HO)
)
(/usr/local/texlive/2023/texmf-dist/tex/generic/kvdefinekeys/kvdefinekeys.sty
Package: kvdefinekeys 2019-12-19 v1.6 Define keys (HO)
)
(/usr/local/texlive/2023/texmf-dist/tex/generic/pdfescape/pdfescape.sty
Package: pdfescape 2019/12/09 v1.15 Implements pdfTeX's escape features (HO)
)
(/usr/local/texlive/2023/texmf-dist/tex/latex/hycolor/hycolor.sty
Package: hycolor 2020-01-27 v1.10 Color options for hyperref/bookmark (HO)
)
(/usr/local/texlive/2023/texmf-dist/tex/latex/letltxmacro/letltxmacro.sty
Package: letltxmacro 2019/12/03 v1.6 Let assignment for LaTeX macros (HO)
)
(/usr/local/texlive/2023/texmf-dist/tex/latex/auxhook/auxhook.sty
Package: auxhook 2019-12-17 v1.6 Hooks for auxiliary files (HO)
)
(/usr/local/texlive/2023/texmf-dist/tex/latex/hyperref/nameref.sty
Package: nameref 2023-08-07 v2.53 Cross-referencing by name of section

(/usr/local/texlive/2023/texmf-dist/tex/latex/refcount/refcount.sty
Package: refcount 2019/12/15 v3.6 Data extraction from label references (HO)
)
(/usr/local/texlive/2023/texmf-dist/tex/generic/gettitlestring/gettitlestring.s
ty
Package: gettitlestring 2019/12/15 v1.6 Cleanup title references (HO)
 (/usr/local/texlive/2023/texmf-dist/tex/latex/kvoptions/kvoptions.sty
Package: kvoptions 2022-06-15 v3.15 Key value format for package options (HO)
))
\c@section@level=\count198
)
\@linkdim=\dimen145
\Hy@linkcounter=\count199
\Hy@pagecounter=\count266

(/usr/local/texlive/2023/texmf-dist/tex/latex/hyperref/pd1enc.def
File: pd1enc.def 2023-07-08 v7.01b Hyperref: PDFDocEncoding definition (HO)
Now handling font encoding PD1 ...
... no UTF-8 mapping file for font encoding PD1
)
(/usr/local/texlive/2023/texmf-dist/tex/generic/intcalc/intcalc.sty
Package: intcalc 2019/12/15 v1.3 Expandable calculations with integers (HO)
)
\Hy@SavedSpaceFactor=\count267

(/usr/local/texlive/2023/texmf-dist/tex/latex/hyperref/puenc.def
File: puenc.def 2023-07-08 v7.01b Hyperref: PDF Unicode definition (HO)
Now handling font encoding PU ...
... no UTF-8 mapping file for font encoding PU
)
Package hyperref Info: Hyper figures OFF on input line 4167.
Package hyperref Info: Link nesting OFF on input line 4172.
Package hyperref Info: Hyper index ON on input line 4175.
Package hyperref Info: Plain pages OFF on input line 4182.
Package hyperref Info: Backreferencing OFF on input line 4187.
Package hyperref Info: Implicit mode ON; LaTeX internals redefined.
Package hyperref Info: Bookmarks ON on input line 4434.
\c@Hy@tempcnt=\count268

(/usr/local/texlive/2023/texmf-dist/tex/latex/url/url.sty
\Urlmuskip=\muskip16
Package: url 2013/09/16  ver 3.4  Verb mode for urls, etc.
)
LaTeX Info: Redefining \url on input line 4772.
\XeTeXLinkMargin=\dimen146

(/usr/local/texlive/2023/texmf-dist/tex/generic/bitset/bitset.sty
Package: bitset 2019/12/09 v1.3 Handle bit-vector datatype (HO)

(/usr/local/texlive/2023/texmf-dist/tex/generic/bigintcalc/bigintcalc.sty
Package: bigintcalc 2019/12/15 v1.5 Expandable calculations on big integers (HO
)
))
\Fld@menulength=\count269
\Field@Width=\dimen147
\Fld@charsize=\dimen148
Package hyperref Info: Hyper figures OFF on input line 6051.
Package hyperref Info: Link nesting OFF on input line 6056.
Package hyperref Info: Hyper index ON on input line 6059.
Package hyperref Info: backreferencing OFF on input line 6066.
Package hyperref Info: Link coloring OFF on input line 6071.
Package hyperref Info: Link coloring with OCG OFF on input line 6076.
Package hyperref Info: PDF/A mode OFF on input line 6081.

(/usr/local/texlive/2023/texmf-dist/tex/latex/base/atbegshi-ltx.sty
Package: atbegshi-ltx 2021/01/10 v1.0c Emulation of the original atbegshi
package with kernel methods
)
\Hy@abspage=\count270
\c@Item=\count271
\c@Hfootnote=\count272
)
Package hyperref Info: Driver (autodetected): hpdftex.

(/usr/local/texlive/2023/texmf-dist/tex/latex/hyperref/hpdftex.def
File: hpdftex.def 2023-07-08 v7.01b Hyperref driver for pdfTeX

(/usr/local/texlive/2023/texmf-dist/tex/latex/base/atveryend-ltx.sty
Package: atveryend-ltx 2020/08/19 v1.0a Emulation of the original atveryend pac
kage
with kernel methods
)
\Fld@listcount=\count273
\c@bookmark@seq@number=\count274

(/usr/local/texlive/2023/texmf-dist/tex/latex/rerunfilecheck/rerunfilecheck.sty
Package: rerunfilecheck 2022-07-10 v1.10 Rerun checks for auxiliary files (HO)

(/usr/local/texlive/2023/texmf-dist/tex/generic/uniquecounter/uniquecounter.sty
Package: uniquecounter 2019/12/15 v1.4 Provide unlimited unique counter (HO)
)
Package uniquecounter Info: New unique counter `rerunfilecheck' on input line 2
85.
)
\Hy@SectionHShift=\skip50
) (./Feb24_noMWC.aux

LaTeX Warning: Label `tab:TapeByYearByType' multiply defined.


LaTeX Warning: Label `tab:TapeByYearByType' multiply defined.


LaTeX Warning: Label `tab:TapeByYearByType' multiply defined.


LaTeX Warning: Label `tab:DiskByYearByType' multiply defined.


LaTeX Warning: Label `tab:DiskByYearByType' multiply defined.


LaTeX Warning: Label `tab:DiskByYearByType' multiply defined.

)
\openout1 = `Feb24_noMWC.aux'.

LaTeX Font Info:    Checking defaults for OML/cmm/m/it on input line 36.
LaTeX Font Info:    ... okay on input line 36.
LaTeX Font Info:    Checking defaults for OMS/cmsy/m/n on input line 36.
LaTeX Font Info:    ... okay on input line 36.
LaTeX Font Info:    Checking defaults for OT1/cmr/m/n on input line 36.
LaTeX Font Info:    ... okay on input line 36.
LaTeX Font Info:    Checking defaults for T1/cmr/m/n on input line 36.
LaTeX Font Info:    ... okay on input line 36.
LaTeX Font Info:    Checking defaults for TS1/cmr/m/n on input line 36.
LaTeX Font Info:    ... okay on input line 36.
LaTeX Font Info:    Checking defaults for OMX/cmex/m/n on input line 36.
LaTeX Font Info:    ... okay on input line 36.
LaTeX Font Info:    Checking defaults for U/cmr/m/n on input line 36.
LaTeX Font Info:    ... okay on input line 36.
LaTeX Font Info:    Checking defaults for PD1/pdf/m/n on input line 36.
LaTeX Font Info:    ... okay on input line 36.
LaTeX Font Info:    Checking defaults for PU/pdf/m/n on input line 36.
LaTeX Font Info:    ... okay on input line 36.
 (/usr/local/texlive/2023/texmf-dist/tex/context/base/mkii/supp-pdf.mkii
[Loading MPS to PDF converter (version 2006.09.02).]
\scratchcounter=\count275
\scratchdimen=\dimen149
\scratchbox=\box53
\nofMPsegments=\count276
\nofMParguments=\count277
\everyMPshowfont=\toks22
\MPscratchCnt=\count278
\MPscratchDim=\dimen150
\MPnumerator=\count279
\makeMPintoPDFobject=\count280
\everyMPtoPDFconversion=\toks23
) (/usr/local/texlive/2023/texmf-dist/tex/latex/epstopdf-pkg/epstopdf-base.sty
Package: epstopdf-base 2020-01-24 v2.11 Base part for package epstopdf
Package epstopdf-base Info: Redefining graphics rule for `.eps' on input line 4
85.

(/usr/local/texlive/2023/texmf-dist/tex/latex/latexconfig/epstopdf-sys.cfg
File: epstopdf-sys.cfg 2010/07/13 v1.3 Configuration of (r)epstopdf for TeX Liv
e
))
Package hyperref Info: Link coloring OFF on input line 36.

(./Feb24_noMWC.out) (./Feb24_noMWC.out)
\@outlinefile=\write4
\openout4 = `Feb24_noMWC.out'.

)
<Feb24_noMWC_RealData-Storage.png, id=4, 722.7pt x 361.35pt>
File: Feb24_noMWC_RealData-Storage.png Graphic file (type png)
<use Feb24_noMWC_RealData-Storage.png>
Package pdftex.def Info: Feb24_noMWC_RealData-Storage.png  used on input line 3
.
(pdftex.def)             Requested size: 404.70923pt x 202.3529pt.
LaTeX Font Info:    External font `cmex10' loaded for size
(Font)              <7> on input line 5.
LaTeX Font Info:    External font `cmex10' loaded for size
(Font)              <5> on input line 5.
 [1

{/usr/local/texlive/2023/texmf-var/fonts/map/pdftex/updmap/pdftex.map} <./Feb24
_noMWC_RealData-Storage.png>]
<Feb24_noMWC_Real-Data-after-scaling-to-cap-of-30-PB.-Storage.png, id=15, 722.7
pt x 361.35pt>
File: Feb24_noMWC_Real-Data-after-scaling-to-cap-of-30-PB.-Storage.png Graphic 
file (type png)
<use Feb24_noMWC_Real-Data-after-scaling-to-cap-of-30-PB.-Storage.png>
Package pdftex.def Info: Feb24_noMWC_Real-Data-after-scaling-to-cap-of-30-PB.-S
torage.png  used on input line 10.
(pdftex.def)             Requested size: 404.70923pt x 202.3529pt.

[2 <./Feb24_noMWC_Real-Data-after-scaling-to-cap-of-30-PB.-Storage.png>]
<Feb24_noMWC_Processing-by-Type-CPU.png, id=22, 722.7pt x 361.35pt>
File: Feb24_noMWC_Processing-by-Type-CPU.png Graphic file (type png)
<use Feb24_noMWC_Processing-by-Type-CPU.png>
Package pdftex.def Info: Feb24_noMWC_Processing-by-Type-CPU.png  used on input 
line 17.
(pdftex.def)             Requested size: 404.70923pt x 202.3529pt.

[3 <./Feb24_noMWC_Processing-by-Type-CPU.png>]
<Feb24_noMWC_Processing-by-Detector-CPU.png, id=29, 722.7pt x 361.35pt>
File: Feb24_noMWC_Processing-by-Detector-CPU.png Graphic file (type png)
<use Feb24_noMWC_Processing-by-Detector-CPU.png>
Package pdftex.def Info: Feb24_noMWC_Processing-by-Detector-CPU.png  used on in
put line 24.
(pdftex.def)             Requested size: 404.70923pt x 202.3529pt.
 [4 <./Feb24_noMWC_Processing-by-Detector-CPU.png>]
<Feb24_noMWC_Processing-by-Type-CPU-Wall.png, id=36, 722.7pt x 361.35pt>
File: Feb24_noMWC_Processing-by-Type-CPU-Wall.png Graphic file (type png)
<use Feb24_noMWC_Processing-by-Type-CPU-Wall.png>
Package pdftex.def Info: Feb24_noMWC_Processing-by-Type-CPU-Wall.png  used on i
nput line 31.
(pdftex.def)             Requested size: 404.70923pt x 202.3529pt.
 [5 <./Feb24_noMWC_Processing-by-Type-CPU-Wall.png>]
<Feb24_noMWC_Processing-by-Detector-CPU-Wall.png, id=43, 722.7pt x 361.35pt>
File: Feb24_noMWC_Processing-by-Detector-CPU-Wall.png Graphic file (type png)
<use Feb24_noMWC_Processing-by-Detector-CPU-Wall.png>
Package pdftex.def Info: Feb24_noMWC_Processing-by-Detector-CPU-Wall.png  used 
on input line 38.
(pdftex.def)             Requested size: 404.70923pt x 202.3529pt.
 [6 <./Feb24_noMWC_Processing-by-Detector-CPU-Wall.png>]
<Feb24_noMWC_Processing-by-Type-CPU-kHS23-Yr.png, id=50, 722.7pt x 361.35pt>
File: Feb24_noMWC_Processing-by-Type-CPU-kHS23-Yr.png Graphic file (type png)
<use Feb24_noMWC_Processing-by-Type-CPU-kHS23-Yr.png>
Package pdftex.def Info: Feb24_noMWC_Processing-by-Type-CPU-kHS23-Yr.png  used 
on input line 45.
(pdftex.def)             Requested size: 404.70923pt x 202.3529pt.
 [7 <./Feb24_noMWC_Processing-by-Type-CPU-kHS23-Yr.png>]
<Feb24_noMWC_Processing-by-Detector-CPU-kHS23-Yr.png, id=58, 722.7pt x 361.35pt
>
File: Feb24_noMWC_Processing-by-Detector-CPU-kHS23-Yr.png Graphic file (type pn
g)
<use Feb24_noMWC_Processing-by-Detector-CPU-kHS23-Yr.png>
Package pdftex.def Info: Feb24_noMWC_Processing-by-Detector-CPU-kHS23-Yr.png  u
sed on input line 52.
(pdftex.def)             Requested size: 404.70923pt x 202.3529pt.
 [8 <./Feb24_noMWC_Processing-by-Detector-CPU-kHS23-Yr.png>]
<Feb24_noMWC_Processing-by-Type-CPU-Cores.png, id=65, 722.7pt x 361.35pt>
File: Feb24_noMWC_Processing-by-Type-CPU-Cores.png Graphic file (type png)
<use Feb24_noMWC_Processing-by-Type-CPU-Cores.png>
Package pdftex.def Info: Feb24_noMWC_Processing-by-Type-CPU-Cores.png  used on 
input line 59.
(pdftex.def)             Requested size: 404.70923pt x 202.3529pt.
 [9 <./Feb24_noMWC_Processing-by-Type-CPU-Cores.png>]
<Feb24_noMWC_Processing-by-Detector-CPU-Cores.png, id=72, 722.7pt x 361.35pt>
File: Feb24_noMWC_Processing-by-Detector-CPU-Cores.png Graphic file (type png)
<use Feb24_noMWC_Processing-by-Detector-CPU-Cores.png>
Package pdftex.def Info: Feb24_noMWC_Processing-by-Detector-CPU-Cores.png  used
 on input line 66.
(pdftex.def)             Requested size: 404.70923pt x 202.3529pt.
 [10 <./Feb24_noMWC_Processing-by-Detector-CPU-Cores.png>]
<Feb24_noMWC_New-Tape-by-Type-Storage.png, id=79, 722.7pt x 361.35pt>
File: Feb24_noMWC_New-Tape-by-Type-Storage.png Graphic file (type png)
<use Feb24_noMWC_New-Tape-by-Type-Storage.png>
Package pdftex.def Info: Feb24_noMWC_New-Tape-by-Type-Storage.png  used on inpu
t line 73.
(pdftex.def)             Requested size: 404.70923pt x 202.3529pt.
 [11 <./Feb24_noMWC_New-Tape-by-Type-Storage.png>]
<Feb24_noMWC_New-Tape-by-Detector-Storage.png, id=86, 722.7pt x 361.35pt>
File: Feb24_noMWC_New-Tape-by-Detector-Storage.png Graphic file (type png)
<use Feb24_noMWC_New-Tape-by-Detector-Storage.png>
Package pdftex.def Info: Feb24_noMWC_New-Tape-by-Detector-Storage.png  used on 
input line 80.
(pdftex.def)             Requested size: 404.70923pt x 202.3529pt.
 [12 <./Feb24_noMWC_New-Tape-by-Detector-Storage.png>]
<Feb24_noMWC_New-Tape-by-Site-Storage.png, id=93, 722.7pt x 361.35pt>
File: Feb24_noMWC_New-Tape-by-Site-Storage.png Graphic file (type png)
<use Feb24_noMWC_New-Tape-by-Site-Storage.png>
Package pdftex.def Info: Feb24_noMWC_New-Tape-by-Site-Storage.png  used on inpu
t line 87.
(pdftex.def)             Requested size: 404.70923pt x 202.3529pt.
 [13 <./Feb24_noMWC_New-Tape-by-Site-Storage.png>]
<Feb24_noMWC_Cumulative-Tape-by-Type-Storage.png, id=101, 722.7pt x 361.35pt>
File: Feb24_noMWC_Cumulative-Tape-by-Type-Storage.png Graphic file (type png)
<use Feb24_noMWC_Cumulative-Tape-by-Type-Storage.png>
Package pdftex.def Info: Feb24_noMWC_Cumulative-Tape-by-Type-Storage.png  used 
on input line 94.
(pdftex.def)             Requested size: 404.70923pt x 202.3529pt.
 [14 <./Feb24_noMWC_Cumulative-Tape-by-Type-Storage.png>]
<Feb24_noMWC_Cumulative-Tape-by-Detector-Storage.png, id=108, 722.7pt x 361.35p
t>
File: Feb24_noMWC_Cumulative-Tape-by-Detector-Storage.png Graphic file (type pn
g)
<use Feb24_noMWC_Cumulative-Tape-by-Detector-Storage.png>
Package pdftex.def Info: Feb24_noMWC_Cumulative-Tape-by-Detector-Storage.png  u
sed on input line 101.
(pdftex.def)             Requested size: 404.70923pt x 202.3529pt.
 [15 <./Feb24_noMWC_Cumulative-Tape-by-Detector-Storage.png>]
<Feb24_noMWC_Cumulative-Tape-by-Site-Storage.png, id=115, 722.7pt x 361.35pt>
File: Feb24_noMWC_Cumulative-Tape-by-Site-Storage.png Graphic file (type png)
<use Feb24_noMWC_Cumulative-Tape-by-Site-Storage.png>
Package pdftex.def Info: Feb24_noMWC_Cumulative-Tape-by-Site-Storage.png  used 
on input line 108.
(pdftex.def)             Requested size: 404.70923pt x 202.3529pt.

[16 <./Feb24_noMWC_Cumulative-Tape-by-Site-Storage.png>]
<Feb24_noMWC_New-Disk-by-Type-Storage.png, id=122, 722.7pt x 361.35pt>
File: Feb24_noMWC_New-Disk-by-Type-Storage.png Graphic file (type png)
<use Feb24_noMWC_New-Disk-by-Type-Storage.png>
Package pdftex.def Info: Feb24_noMWC_New-Disk-by-Type-Storage.png  used on inpu
t line 115.
(pdftex.def)             Requested size: 404.70923pt x 202.3529pt.
 [17 <./Feb24_noMWC_New-Disk-by-Type-Storage.png>]
<Feb24_noMWC_New-Disk-by-Detector-Storage.png, id=129, 722.7pt x 361.35pt>
File: Feb24_noMWC_New-Disk-by-Detector-Storage.png Graphic file (type png)
<use Feb24_noMWC_New-Disk-by-Detector-Storage.png>
Package pdftex.def Info: Feb24_noMWC_New-Disk-by-Detector-Storage.png  used on 
input line 122.
(pdftex.def)             Requested size: 404.70923pt x 202.3529pt.
 [18 <./Feb24_noMWC_New-Disk-by-Detector-Storage.png>]
<Feb24_noMWC_New-Disk-by-Site-Storage.png, id=136, 722.7pt x 361.35pt>
File: Feb24_noMWC_New-Disk-by-Site-Storage.png Graphic file (type png)
<use Feb24_noMWC_New-Disk-by-Site-Storage.png>
Package pdftex.def Info: Feb24_noMWC_New-Disk-by-Site-Storage.png  used on inpu
t line 129.
(pdftex.def)             Requested size: 404.70923pt x 202.3529pt.
 [19 <./Feb24_noMWC_New-Disk-by-Site-Storage.png>]
<Feb24_noMWC_Cumulative-Disk-by-Type-Storage.png, id=144, 722.7pt x 361.35pt>
File: Feb24_noMWC_Cumulative-Disk-by-Type-Storage.png Graphic file (type png)
<use Feb24_noMWC_Cumulative-Disk-by-Type-Storage.png>
Package pdftex.def Info: Feb24_noMWC_Cumulative-Disk-by-Type-Storage.png  used 
on input line 136.
(pdftex.def)             Requested size: 404.70923pt x 202.3529pt.
 [20 <./Feb24_noMWC_Cumulative-Disk-by-Type-Storage.png>]
<Feb24_noMWC_Cumulative-Disk-by-Detector-Storage.png, id=151, 722.7pt x 361.35p
t>
File: Feb24_noMWC_Cumulative-Disk-by-Detector-Storage.png Graphic file (type pn
g)
<use Feb24_noMWC_Cumulative-Disk-by-Detector-Storage.png>
Package pdftex.def Info: Feb24_noMWC_Cumulative-Disk-by-Detector-Storage.png  u
sed on input line 143.
(pdftex.def)             Requested size: 404.70923pt x 202.3529pt.
 [21 <./Feb24_noMWC_Cumulative-Disk-by-Detector-Storage.png>]
<Feb24_noMWC_Cumulative-Disk-by-Site-Storage.png, id=158, 722.7pt x 361.35pt>
File: Feb24_noMWC_Cumulative-Disk-by-Site-Storage.png Graphic file (type png)
<use Feb24_noMWC_Cumulative-Disk-by-Site-Storage.png>
Package pdftex.def Info: Feb24_noMWC_Cumulative-Disk-by-Site-Storage.png  used 
on input line 150.
(pdftex.def)             Requested size: 404.70923pt x 202.3529pt.
 [22 <./Feb24_noMWC_Cumulative-Disk-by-Site-Storage.png>]
(./Feb24_noMWC.aux)
 ***********
LaTeX2e <2023-06-01> patch level 1
L3 programming layer <2023-08-11>
 ***********


LaTeX Warning: There were multiply-defined labels.

Package rerunfilecheck Info: File `Feb24_noMWC.out' has not changed.
(rerunfilecheck)             Checksum: D41D8CD98F00B204E9800998ECF8427E;0.
 ) 
Here is how much of TeX's memory you used:
 10005 strings out of 475189
 175572 string characters out of 5763832
 1930254 words of memory out of 5000000
 31118 multiletter control sequences out of 15000+600000
 558367 words of font info for 37 fonts, out of 8000000 for 9000
 1141 hyphenation exceptions out of 8191
 84i,8n,96p,329b,426s stack positions out of 10000i,1000n,20000p,200000b,200000s
</usr/local/texlive/2023/texmf-dist/fonts/type1/public/amsfonts/cm/cmr10.pfb>
</usr/local/texlive/2023/texmf-dist/fonts/type1/public/amsfonts/cm/cmr12.pfb>
Output written on Feb24_noMWC.pdf (22 pages, 1339845 bytes).
PDF statistics:
 189 PDF objects out of 1000 (max. 8388607)
 115 compressed objects within 2 object streams
 45 named destinations out of 1000 (max. 500000)
 111 words of extra memory for PDF output out of 10000 (max. 10000000)

